e:\курсовая\little-froggy\little_froggy\little_froggy\release\vc120.pdb
e:\курсовая\little-froggy\little_froggy\little_froggy\release\strawberry.obj
e:\курсовая\little-froggy\little_froggy\little_froggy\release\tongue.obj
e:\курсовая\little-froggy\little_froggy\little_froggy\release\sun.obj
e:\курсовая\little-froggy\little_froggy\little_froggy\release\player.obj
e:\курсовая\little-froggy\little_froggy\little_froggy\release\platform.obj
e:\курсовая\little-froggy\little_froggy\little_froggy\release\menu.obj
e:\курсовая\little-froggy\little_froggy\little_froggy\release\game.obj
e:\курсовая\little-froggy\little_froggy\little_froggy\release\floor.obj
e:\курсовая\little-froggy\little_froggy\little_froggy\release\coin.obj
e:\курсовая\little-froggy\little_froggy\little_froggy\release\arrow.obj
e:\курсовая\little-froggy\little_froggy\little_froggy\release\main.obj
e:\курсовая\little-froggy\little_froggy\little_froggy\release\heart.obj
e:\курсовая\little-froggy\little_froggy\little_froggy\release\fly.obj
e:\курсовая\little-froggy\little_froggy\little_froggy\release\elixir.obj
e:\курсовая\little-froggy\little_froggy\little_froggy\release\cloud.obj
e:\курсовая\little-froggy\little_froggy\release\little_froggy.exe
e:\курсовая\little-froggy\little_froggy\release\little_froggy.pdb
e:\курсовая\little-froggy\little_froggy\little_froggy\release\little_froggy.tlog\cl.command.1.tlog
e:\курсовая\little-froggy\little_froggy\little_froggy\release\little_froggy.tlog\cl.read.1.tlog
e:\курсовая\little-froggy\little_froggy\little_froggy\release\little_froggy.tlog\cl.write.1.tlog
e:\курсовая\little-froggy\little_froggy\little_froggy\release\little_froggy.tlog\link.command.1.tlog
e:\курсовая\little-froggy\little_froggy\little_froggy\release\little_froggy.tlog\link.read.1.tlog
e:\курсовая\little-froggy\little_froggy\little_froggy\release\little_froggy.tlog\link.write.1.tlog
