e:\курсовая\little_froggy\little_froggy\debug\vc120.pdb
e:\курсовая\little_froggy\little_froggy\debug\vc120.idb
e:\курсовая\little_froggy\little_froggy\debug\main.nativecodeanalysis.xml
e:\курсовая\little_froggy\little_froggy\debug\arrow.nativecodeanalysis.xml
e:\курсовая\little_froggy\little_froggy\debug\coin.nativecodeanalysis.xml
e:\курсовая\little_froggy\little_froggy\debug\floor.nativecodeanalysis.xml
e:\курсовая\little_froggy\little_froggy\debug\game.nativecodeanalysis.xml
e:\курсовая\little_froggy\little_froggy\debug\platform.nativecodeanalysis.xml
e:\курсовая\little_froggy\little_froggy\debug\player.nativecodeanalysis.xml
e:\курсовая\little_froggy\little_froggy\debug\tongue.nativecodeanalysis.xml
e:\курсовая\little_froggy\little_froggy\debug\tongue.obj
e:\курсовая\little_froggy\little_froggy\debug\player.obj
e:\курсовая\little_froggy\little_froggy\debug\platform.obj
e:\курсовая\little_froggy\little_froggy\debug\game.obj
e:\курсовая\little_froggy\little_froggy\debug\floor.obj
e:\курсовая\little_froggy\little_froggy\debug\coin.obj
e:\курсовая\little_froggy\little_froggy\debug\arrow.obj
e:\курсовая\little_froggy\little_froggy\debug\main.obj
e:\курсовая\little_froggy\little_froggy\debug\menu.obj
e:\курсовая\little_froggy\little_froggy\debug\nativecodeanalysis.read.1.tlog
e:\курсовая\little_froggy\little_froggy\debug\vc.nativecodeanalysis.all.xml
e:\курсовая\little_froggy\debug\little_froggy.pdb
e:\курсовая\little_froggy\debug\little_froggy.exe.lastcodeanalysissucceeded
e:\курсовая\little_froggy\little_froggy\debug\little_froggy.tlog\cl.command.1.tlog
e:\курсовая\little_froggy\little_froggy\debug\little_froggy.tlog\cl.read.1.tlog
e:\курсовая\little_froggy\little_froggy\debug\little_froggy.tlog\cl.write.1.tlog
e:\курсовая\little_froggy\little_froggy\debug\little_froggy.tlog\link.4660-cvtres.read.1.tlog
e:\курсовая\little_froggy\little_froggy\debug\little_froggy.tlog\link.4660-cvtres.write.1.tlog
e:\курсовая\little_froggy\little_froggy\debug\little_froggy.tlog\link.4660-rc.read.1.tlog
e:\курсовая\little_froggy\little_froggy\debug\little_froggy.tlog\link.4660-rc.write.1.tlog
e:\курсовая\little_froggy\little_froggy\debug\little_froggy.tlog\link.4660.read.1.tlog
e:\курсовая\little_froggy\little_froggy\debug\little_froggy.tlog\link.4660.write.1.tlog
e:\курсовая\little_froggy\little_froggy\debug\little_froggy.tlog\link.command.1.tlog
e:\курсовая\little_froggy\little_froggy\debug\little_froggy.tlog\link.read.1.tlog
e:\курсовая\little_froggy\little_froggy\debug\little_froggy.tlog\link.write.1.tlog
