Сборка начата 04.06.2015 15:40:25.
     1>Проект "E:\курсовая\Little-Froggy\little_froggy\little_froggy\little_froggy.vcxproj" в узле 2 (целевые объекты Build).
     1>ClCompile:
         C:\Program Files\Microsoft Visual Studio 12.0\VC\bin\CL.exe /c /I"E:\SFML-2.2\include" /ZI /nologo /W3 /WX- /sdl /Od /Oy- /D WIN32 /D _DEBUG /D _CONSOLE /D _LIB /D SFML_DYNAMIC /D _MBCS /Gm /EHsc /RTC1 /MDd /GS /fp:precise /Zc:wchar_t /Zc:forScope /Fo"Debug\\" /Fd"Debug\vc120.pdb" /Gd /TP /analyze- /errorReport:prompt src\player.cpp
         player.cpp
     1>e:\курсовая\little-froggy\little_froggy\little_froggy\src\player.cpp(11): warning C4305: аргумент: усечение из "double" к "float"
     1>e:\курсовая\little-froggy\little_froggy\little_froggy\src\player.cpp(104): warning C4244: +=: преобразование "double" в "float", возможна потеря данных
     1>e:\курсовая\little-froggy\little_froggy\little_froggy\src\player.cpp(115): warning C4305: аргумент: усечение из "double" к "float"
     1>e:\курсовая\little-froggy\little_froggy\little_froggy\src\player.cpp(120): warning C4305: аргумент: усечение из "double" к "float"
     1>e:\курсовая\little-froggy\little_froggy\little_froggy\src\player.cpp(132): warning C4305: аргумент: усечение из "double" к "float"
     1>e:\курсовая\little-froggy\little_froggy\little_froggy\src\player.cpp(147): warning C4244: =: преобразование "float" в "int", возможна потеря данных
     1>e:\курсовая\little-froggy\little_froggy\little_froggy\src\player.cpp(148): warning C4244: =: преобразование "float" в "int", возможна потеря данных
       Link:
         C:\Program Files\Microsoft Visual Studio 12.0\VC\bin\link.exe /ERRORREPORT:PROMPT /OUT:"E:\курсовая\Little-Froggy\little_froggy\Debug\little_froggy.exe" /INCREMENTAL /NOLOGO /LIBPATH:"E:\SFML-2.2\lib" "sfml-graphics-d.lib" "sfml-system-d.lib" "sfml-window-d.lib" "sfml-audio-d.lib" /MANIFEST /MANIFESTUAC:"level='asInvoker' uiAccess='false'" /manifest:embed /DEBUG /PDB:"E:\курсовая\Little-Froggy\little_froggy\Debug\little_froggy.pdb" /TLBID:1 /DYNAMICBASE /NXCOMPAT /IMPLIB:"E:\курсовая\Little-Froggy\little_froggy\Debug\little_froggy.lib" /MACHINE:X86 Debug\cloud.obj
         Debug\elixir.obj
         Debug\bee.obj
         Debug\fly.obj
         Debug\heart.obj
         Debug\main.obj
         Debug\arrow.obj
         Debug\coin.obj
         Debug\floor.obj
         Debug\game.obj
         Debug\menu.obj
         Debug\platform.obj
         Debug\player.obj
         Debug\sun.obj
         Debug\tongue.obj
         Debug\strawberry.obj
         little_froggy.vcxproj -> E:\курсовая\Little-Froggy\little_froggy\Debug\little_froggy.exe
     1>Сборка проекта "E:\курсовая\Little-Froggy\little_froggy\little_froggy\little_froggy.vcxproj" завершена (целевые объекты Build).

Сборка успешно завершена.

Затраченное время: 00:00:02.12
